<?xml version="1.0" encoding="UTF-8"?>
<!-- Generated by org.testng.reporters.JUnitReportReporter -->
<testsuite hostname="Harshit" failures="0" tests="2" name="TestNG_Annotation_Flow.TestExecution" time="31.232" errors="0" timestamp="2024-06-27T15:09:02 IST" skipped="0">
  <testcase classname="TestNG_Annotation_Flow.TestExecution" name="testCase2" time="26.361"/>
  <system-out/>
  <testcase classname="TestNG_Annotation_Flow.TestExecution" name="testCase1" time="4.871"/>
  <system-out/>
</testsuite> <!-- TestNG_Annotation_Flow.TestExecution -->
