<?xml version="1.0" encoding="UTF-8"?>
<!-- Generated by org.testng.reporters.JUnitReportReporter -->
<testsuite hostname="Harshit" failures="0" tests="7" name="com.qa.petstore.test.PetStoreTest" time="21.539" errors="0" timestamp="2024-05-13T16:31:13 IST" skipped="0">
  <testcase classname="com.qa.petstore.test.PetStoreTest" name="testCase_1_Landing_On_HomePage_with_Scroll" time="0.046"/>
  <system-out/>
  <testcase classname="com.qa.petstore.test.PetStoreTest" name="testcase_2_SignUp_On_Website" time="4.942"/>
  <system-out/>
  <testcase classname="com.qa.petstore.test.PetStoreTest" name="testcase_3_SignIn_On_Website" time="2.667"/>
  <system-out/>
  <testcase classname="com.qa.petstore.test.PetStoreTest" name="testcase_4_AddToCart_On_Website" time="4.242"/>
  <system-out/>
  <testcase classname="com.qa.petstore.test.PetStoreTest" name="testcase_5_Proceed_To_Checkout_On_Website" time="5.659"/>
  <system-out/>
  <testcase classname="com.qa.petstore.test.PetStoreTest" name="testcase_6_Product_Booking_Details_On_Website" time="1.608"/>
  <system-out/>
  <testcase classname="com.qa.petstore.test.PetStoreTest" name="testcase_7_SignOut_On_Website" time="2.375"/>
  <system-out/>
</testsuite> <!-- com.qa.petstore.test.PetStoreTest -->
