<?xml version="1.0" encoding="UTF-8"?>
<!-- Generated by org.testng.reporters.JUnitReportReporter -->
<testsuite hostname="Harshit" failures="0" tests="3" name="TestNG_Annotation_Flow.TestNGDataProvider" time="59.682" errors="0" timestamp="2024-06-28T00:34:12 IST" skipped="0">
  <testcase classname="TestNG_Annotation_Flow.TestNGDataProvider" name="testCase1" time="17.937"/>
  <system-out/>
  <testcase classname="TestNG_Annotation_Flow.TestNGDataProvider" name="testCase1" time="20.494"/>
  <system-out/>
  <testcase classname="TestNG_Annotation_Flow.TestNGDataProvider" name="testCase1" time="21.251"/>
  <system-out/>
</testsuite> <!-- TestNG_Annotation_Flow.TestNGDataProvider -->
