<?xml version="1.0" encoding="UTF-8"?>
<!-- Generated by org.testng.reporters.JUnitReportReporter -->
<testsuite hostname="Harshit" failures="0" tests="2" name="TestNG_Annotation_Flow.TestNGITestListernersDemo" time="21.756" errors="0" timestamp="2024-06-27T15:44:43 IST" skipped="0">
  <testcase classname="TestNG_Annotation_Flow.TestNGITestListernersDemo" name="testCase2" time="6.430"/>
  <system-out/>
  <testcase classname="TestNG_Annotation_Flow.TestNGITestListernersDemo" name="testCase1" time="15.326"/>
  <system-out/>
</testsuite> <!-- TestNG_Annotation_Flow.TestNGITestListernersDemo -->
