<?xml version="1.0" encoding="UTF-8"?>
<!-- Generated by org.testng.reporters.JUnitReportReporter -->
<testsuite hostname="Harshit" failures="0" tests="2" name="TestNG_Annotation_Flow.TestNGListenersDemo" time="21.082" errors="0" timestamp="2024-06-27T15:23:07 IST" skipped="0">
  <testcase classname="TestNG_Annotation_Flow.TestNGListenersDemo" name="testCase2" time="14.559"/>
  <system-out/>
  <testcase classname="TestNG_Annotation_Flow.TestNGListenersDemo" name="testCase1" time="6.523"/>
  <system-out/>
</testsuite> <!-- TestNG_Annotation_Flow.TestNGListenersDemo -->
