<?xml version="1.0" encoding="UTF-8"?>
<!-- Generated by org.testng.reporters.JUnitReportReporter -->
<testsuite hostname="Harshit" failures="0" tests="7" name="com.qa.petstore.test.PetStoreTest" time="21.882" errors="0" timestamp="2024-05-15T01:06:38 IST" skipped="0">
  <testcase classname="com.qa.petstore.test.PetStoreTest" name="testCase_1_Landing_On_HomePage_with_Scroll" time="0.109"/>
  <system-out/>
  <testcase classname="com.qa.petstore.test.PetStoreTest" name="testcase_2_SignUp_On_Website" time="4.961"/>
  <system-out/>
  <testcase classname="com.qa.petstore.test.PetStoreTest" name="testcase_3_SignIn_On_Website" time="2.722"/>
  <system-out/>
  <testcase classname="com.qa.petstore.test.PetStoreTest" name="testcase_4_AddToCart_On_Website" time="4.560"/>
  <system-out/>
  <testcase classname="com.qa.petstore.test.PetStoreTest" name="testcase_5_Proceed_To_Checkout_On_Website" time="5.004"/>
  <system-out/>
  <testcase classname="com.qa.petstore.test.PetStoreTest" name="testcase_6_Product_Booking_Details_On_Website" time="1.532"/>
  <system-out/>
  <testcase classname="com.qa.petstore.test.PetStoreTest" name="testcase_7_SignOut_On_Website" time="2.994"/>
  <system-out/>
</testsuite> <!-- com.qa.petstore.test.PetStoreTest -->
