<?xml version="1.0" encoding="UTF-8"?>
<!-- Generated by org.testng.reporters.JUnitReportReporter -->
<testsuite hostname="Harshit" failures="0" tests="5" name="TestNG_Annotation_Flow.TestNGPriorityDemo" time="0.008" errors="0" timestamp="2024-06-27T16:06:49 IST" skipped="0">
  <testcase classname="TestNG_Annotation_Flow.TestNGPriorityDemo" name="b2" time="0.005"/>
  <system-out/>
  <testcase classname="TestNG_Annotation_Flow.TestNGPriorityDemo" name="c3" time="0.001"/>
  <system-out/>
  <testcase classname="TestNG_Annotation_Flow.TestNGPriorityDemo" name="d4" time="0.001"/>
  <system-out/>
  <testcase classname="TestNG_Annotation_Flow.TestNGPriorityDemo" name="a1" time="0.000"/>
  <system-out/>
  <testcase classname="TestNG_Annotation_Flow.TestNGPriorityDemo" name="e5" time="0.001"/>
  <system-out/>
</testsuite> <!-- TestNG_Annotation_Flow.TestNGPriorityDemo -->
